[0m15:39:56.926988 [debug] [MainThread]: Sending event: {'category': 'dbt', 'action': 'invocation', 'label': 'start', 'context': [<snowplow_tracker.self_describing_json.SelfDescribingJson object at 0x000001F5D33F5AD0>, <snowplow_tracker.self_describing_json.SelfDescribingJson object at 0x000001F5D33EADD0>, <snowplow_tracker.self_describing_json.SelfDescribingJson object at 0x000001F5D33EAD10>]}


============================== 15:39:56.940855 | 1c056bc1-3376-4d37-aebf-b80f459467b1 ==============================
[0m15:39:56.940855 [info ] [MainThread]: Running with dbt=1.9.3
[0m15:39:56.940855 [debug] [MainThread]: running dbt with arguments {'printer_width': '80', 'indirect_selection': 'eager', 'log_cache_events': 'False', 'write_json': 'True', 'partial_parse': 'True', 'cache_selected_only': 'False', 'profiles_dir': 'C:\\Users\\henri\\.dbt', 'debug': 'False', 'warn_error': 'None', 'log_path': 'logs', 'version_check': 'True', 'fail_fast': 'False', 'use_colors': 'True', 'use_experimental_parser': 'False', 'no_print': 'None', 'quiet': 'False', 'empty': 'None', 'warn_error_options': 'WarnErrorOptions(include=[], exclude=[])', 'introspect': 'True', 'invocation_command': 'dbt init cripto', 'log_format': 'default', 'target_path': 'None', 'static_parser': 'True', 'send_anonymous_usage_stats': 'True'}
[0m15:39:57.108520 [warn ] [MainThread]: [ConfigFolderDirectory]: Unable to parse logging event dictionary. Failed to parse dir field: expected string or bytes-like object, got 'WindowsPath'.. Dictionary: {'dir': WindowsPath('C:/Users/henri/.dbt')}
[0m15:39:57.108520 [info ] [MainThread]: Creating dbt configuration folder at 
[0m15:39:57.116657 [debug] [MainThread]: Starter project path: C:\Users\henri\AppData\Local\Packages\PythonSoftwareFoundation.Python.3.11_qbz5n2kfra8p0\LocalCache\local-packages\Python311\site-packages\dbt\include\starter_project
[0m15:39:57.186766 [info ] [MainThread]: 
Your new dbt project "cripto" was created!

For more information on how to configure the profiles.yml file,
please consult the dbt documentation here:

  https://docs.getdbt.com/docs/configure-your-profile

One more thing:

Need help? Don't hesitate to reach out to us via GitHub issues or on Slack:

  https://community.getdbt.com/

Happy modeling!

[0m15:39:57.186766 [info ] [MainThread]: Setting up your profile.
[0m15:41:24.649241 [info ] [MainThread]: Profile cripto written to C:\Users\henri\.dbt\profiles.yml using target's profile_template.yml and your supplied values. Run 'dbt debug' to validate the connection.
[0m15:41:24.649241 [debug] [MainThread]: Command `dbt init` succeeded at 15:41:24.649241 after 87.81 seconds
[0m15:41:24.649241 [debug] [MainThread]: Sending event: {'category': 'dbt', 'action': 'invocation', 'label': 'end', 'context': [<snowplow_tracker.self_describing_json.SelfDescribingJson object at 0x000001F5CD5C2790>, <snowplow_tracker.self_describing_json.SelfDescribingJson object at 0x000001F5CD5464D0>, <snowplow_tracker.self_describing_json.SelfDescribingJson object at 0x000001F5CD546590>]}
[0m15:41:24.649241 [debug] [MainThread]: Flushing usage events
[0m15:41:25.418165 [debug] [MainThread]: An error was encountered while trying to flush usage events
[0m15:41:47.175164 [debug] [MainThread]: Sending event: {'category': 'dbt', 'action': 'invocation', 'label': 'start', 'context': [<snowplow_tracker.self_describing_json.SelfDescribingJson object at 0x00000233EBB9A890>, <snowplow_tracker.self_describing_json.SelfDescribingJson object at 0x00000233EBB97250>, <snowplow_tracker.self_describing_json.SelfDescribingJson object at 0x00000233EB9B4510>]}


============================== 15:41:47.179676 | 083b2a7d-89b4-4ca9-8eed-a32d86fbdc53 ==============================
[0m15:41:47.179676 [info ] [MainThread]: Running with dbt=1.9.3
[0m15:41:47.180678 [debug] [MainThread]: running dbt with arguments {'printer_width': '80', 'indirect_selection': 'eager', 'log_cache_events': 'False', 'write_json': 'True', 'partial_parse': 'True', 'cache_selected_only': 'False', 'profiles_dir': 'C:\\Users\\henri\\.dbt', 'fail_fast': 'False', 'warn_error': 'None', 'log_path': 'logs', 'debug': 'False', 'version_check': 'True', 'use_colors': 'True', 'use_experimental_parser': 'False', 'empty': 'None', 'quiet': 'False', 'no_print': 'None', 'log_format': 'default', 'static_parser': 'True', 'introspect': 'True', 'warn_error_options': 'WarnErrorOptions(include=[], exclude=[])', 'target_path': 'None', 'invocation_command': 'dbt debug', 'send_anonymous_usage_stats': 'True'}
[0m15:41:47.206637 [info ] [MainThread]: dbt version: 1.9.3
[0m15:41:47.206637 [info ] [MainThread]: python version: 3.11.9
[0m15:41:47.206637 [info ] [MainThread]: python path: C:\Users\henri\AppData\Local\Microsoft\WindowsApps\PythonSoftwareFoundation.Python.3.11_qbz5n2kfra8p0\python.exe
[0m15:41:47.212541 [info ] [MainThread]: os info: Windows-10-10.0.26100-SP0
[0m15:41:47.264453 [info ] [MainThread]: Using profiles dir at C:\Users\henri\.dbt
[0m15:41:47.265525 [info ] [MainThread]: Using profiles.yml file at C:\Users\henri\.dbt\profiles.yml
[0m15:41:47.266531 [info ] [MainThread]: Using dbt_project.yml file at C:\Users\henri\OneDrive\Área de Trabalho\Nova pasta\CriptoMoedas\dbt_project.yml
[0m15:41:47.267538 [info ] [MainThread]: adapter type: postgres
[0m15:41:47.268540 [info ] [MainThread]: adapter version: 1.9.0
[0m15:41:47.268540 [info ] [MainThread]: Configuration:
[0m15:41:47.269541 [info ] [MainThread]:   profiles.yml file [[32mOK found and valid[0m]
[0m15:41:47.270537 [info ] [MainThread]:   dbt_project.yml file [[31mERROR not found[0m]
[0m15:41:47.271539 [info ] [MainThread]: Required dependencies:
[0m15:41:47.272543 [debug] [MainThread]: Executing "git --help"
[0m15:41:47.303749 [debug] [MainThread]: STDOUT: "b"usage: git [-v | --version] [-h | --help] [-C <path>] [-c <name>=<value>]\n           [--exec-path[=<path>]] [--html-path] [--man-path] [--info-path]\n           [-p | --paginate | -P | --no-pager] [--no-replace-objects] [--no-lazy-fetch]\n           [--no-optional-locks] [--no-advice] [--bare] [--git-dir=<path>]\n           [--work-tree=<path>] [--namespace=<name>] [--config-env=<name>=<envvar>]\n           <command> [<args>]\n\nThese are common Git commands used in various situations:\n\nstart a working area (see also: git help tutorial)\n   clone      Clone a repository into a new directory\n   init       Create an empty Git repository or reinitialize an existing one\n\nwork on the current change (see also: git help everyday)\n   add        Add file contents to the index\n   mv         Move or rename a file, a directory, or a symlink\n   restore    Restore working tree files\n   rm         Remove files from the working tree and from the index\n\nexamine the history and state (see also: git help revisions)\n   bisect     Use binary search to find the commit that introduced a bug\n   diff       Show changes between commits, commit and working tree, etc\n   grep       Print lines matching a pattern\n   log        Show commit logs\n   show       Show various types of objects\n   status     Show the working tree status\n\ngrow, mark and tweak your common history\n   backfill   Download missing objects in a partial clone\n   branch     List, create, or delete branches\n   commit     Record changes to the repository\n   merge      Join two or more development histories together\n   rebase     Reapply commits on top of another base tip\n   reset      Reset current HEAD to the specified state\n   switch     Switch branches\n   tag        Create, list, delete or verify a tag object signed with GPG\n\ncollaborate (see also: git help workflows)\n   fetch      Download objects and refs from another repository\n   pull       Fetch from and integrate with another repository or a local branch\n   push       Update remote refs along with associated objects\n\n'git help -a' and 'git help -g' list available subcommands and some\nconcept guides. See 'git help <command>' or 'git help <concept>'\nto read about a specific subcommand or concept.\nSee 'git help git' for an overview of the system.\n""
[0m15:41:47.304772 [debug] [MainThread]: STDERR: "b''"
[0m15:41:47.304772 [info ] [MainThread]:  - git [[32mOK found[0m]

[0m15:41:47.306433 [info ] [MainThread]: Connection:
[0m15:41:47.306433 [info ] [MainThread]:   host: postgres
[0m15:41:47.307444 [info ] [MainThread]:   port: 1
[0m15:41:47.308443 [info ] [MainThread]:   user: postgres
[0m15:41:47.308443 [info ] [MainThread]:   database: criptmoedas
[0m15:41:47.309445 [info ] [MainThread]:   schema: basic
[0m15:41:47.310445 [info ] [MainThread]:   connect_timeout: 10
[0m15:41:47.311441 [info ] [MainThread]:   role: None
[0m15:41:47.312448 [info ] [MainThread]:   search_path: None
[0m15:41:47.313442 [info ] [MainThread]:   keepalives_idle: 0
[0m15:41:47.314447 [info ] [MainThread]:   sslmode: None
[0m15:41:47.315448 [info ] [MainThread]:   sslcert: None
[0m15:41:47.316448 [info ] [MainThread]:   sslkey: None
[0m15:41:47.316448 [info ] [MainThread]:   sslrootcert: None
[0m15:41:47.317666 [info ] [MainThread]:   application_name: dbt
[0m15:41:47.318657 [info ] [MainThread]:   retries: 1
[0m15:41:47.319764 [info ] [MainThread]: Registered adapter: postgres=1.9.0
[0m15:41:47.711732 [debug] [MainThread]: Acquiring new postgres connection 'debug'
[0m15:41:49.919098 [debug] [MainThread]: Using postgres connection "debug"
[0m15:41:49.919625 [debug] [MainThread]: On debug: select 1 as id
[0m15:41:49.921046 [debug] [MainThread]: Opening a new connection, currently in state init
[0m15:41:52.608730 [debug] [MainThread]: Postgres adapter: Error running SQL: select 1 as id
[0m15:41:52.608730 [debug] [MainThread]: Postgres adapter: Rolling back transaction.
[0m15:41:52.608730 [debug] [MainThread]: On debug: No close available on handle
[0m15:41:52.610768 [info ] [MainThread]:   Connection test: [[31mERROR[0m]

[0m15:41:52.610768 [info ] [MainThread]: [31m2 checks failed:[0m
[0m15:41:52.610768 [info ] [MainThread]: Project loading failed for the following reason:
 project path <C:\Users\henri\OneDrive\Área de Trabalho\Nova pasta\CriptoMoedas\dbt_project.yml> not found

[0m15:41:52.610768 [info ] [MainThread]: dbt was unable to connect to the specified database.
The database returned the following error:

  >Database Error
  'utf-8' codec can't decode byte 0xe3 in position 64: invalid continuation byte

Check your database credentials and try again. For more information, visit:
https://docs.getdbt.com/docs/configure-your-profile


[0m15:41:52.610768 [debug] [MainThread]: Command `dbt debug` failed at 15:41:52.610768 after 5.52 seconds
[0m15:41:52.615142 [debug] [MainThread]: Connection 'debug' was properly closed.
[0m15:41:52.616651 [debug] [MainThread]: Sending event: {'category': 'dbt', 'action': 'invocation', 'label': 'end', 'context': [<snowplow_tracker.self_describing_json.SelfDescribingJson object at 0x00000233EBBF1690>, <snowplow_tracker.self_describing_json.SelfDescribingJson object at 0x00000233EBD3A510>, <snowplow_tracker.self_describing_json.SelfDescribingJson object at 0x00000233E6D857D0>]}
[0m15:41:52.616651 [debug] [MainThread]: Flushing usage events
[0m15:41:53.199654 [debug] [MainThread]: An error was encountered while trying to flush usage events
[0m15:43:25.499058 [debug] [MainThread]: Sending event: {'category': 'dbt', 'action': 'invocation', 'label': 'start', 'context': [<snowplow_tracker.self_describing_json.SelfDescribingJson object at 0x000001F575B9B410>, <snowplow_tracker.self_describing_json.SelfDescribingJson object at 0x000001F575B97250>, <snowplow_tracker.self_describing_json.SelfDescribingJson object at 0x000001F575BD0C90>]}


============================== 15:43:25.503069 | 899905f4-e32a-4908-a8c5-628202787869 ==============================
[0m15:43:25.503069 [info ] [MainThread]: Running with dbt=1.9.3
[0m15:43:25.505074 [debug] [MainThread]: running dbt with arguments {'printer_width': '80', 'indirect_selection': 'eager', 'write_json': 'True', 'log_cache_events': 'False', 'partial_parse': 'True', 'cache_selected_only': 'False', 'profiles_dir': 'C:\\Users\\henri\\.dbt', 'version_check': 'True', 'fail_fast': 'False', 'log_path': 'logs', 'debug': 'False', 'warn_error': 'None', 'use_colors': 'True', 'use_experimental_parser': 'False', 'empty': 'None', 'quiet': 'False', 'no_print': 'None', 'warn_error_options': 'WarnErrorOptions(include=[], exclude=[])', 'static_parser': 'True', 'log_format': 'default', 'invocation_command': 'dbt docs generate', 'target_path': 'None', 'introspect': 'True', 'send_anonymous_usage_stats': 'True'}
[0m15:43:25.505074 [error] [MainThread]: Encountered an error:
Runtime Error
  No dbt_project.yml found at expected path C:\Users\henri\OneDrive\Área de Trabalho\Nova pasta\CriptoMoedas\dbt_project.yml
  Verify that each entry within packages.yml (and their transitive dependencies) contains a file named dbt_project.yml
  
[0m15:43:25.508105 [debug] [MainThread]: Command `dbt docs generate` failed at 15:43:25.506581 after 0.09 seconds
[0m15:43:25.508105 [debug] [MainThread]: Sending event: {'category': 'dbt', 'action': 'invocation', 'label': 'end', 'context': [<snowplow_tracker.self_describing_json.SelfDescribingJson object at 0x000001F575BEB850>, <snowplow_tracker.self_describing_json.SelfDescribingJson object at 0x000001F5758C9650>, <snowplow_tracker.self_describing_json.SelfDescribingJson object at 0x000001F575B979D0>]}
[0m15:43:25.508105 [debug] [MainThread]: Flushing usage events
[0m15:43:26.083310 [debug] [MainThread]: An error was encountered while trying to flush usage events
[0m15:43:36.316660 [debug] [MainThread]: Sending event: {'category': 'dbt', 'action': 'invocation', 'label': 'start', 'context': [<snowplow_tracker.self_describing_json.SelfDescribingJson object at 0x000001E5A51CF610>, <snowplow_tracker.self_describing_json.SelfDescribingJson object at 0x000001E5A9397250>, <snowplow_tracker.self_describing_json.SelfDescribingJson object at 0x000001E5A93E26D0>]}


============================== 15:43:36.316660 | 8b24267b-27d9-475e-81dc-0b0da2316d17 ==============================
[0m15:43:36.316660 [info ] [MainThread]: Running with dbt=1.9.3
[0m15:43:36.316660 [debug] [MainThread]: running dbt with arguments {'printer_width': '80', 'indirect_selection': 'eager', 'write_json': 'True', 'log_cache_events': 'False', 'partial_parse': 'True', 'cache_selected_only': 'False', 'warn_error': 'None', 'fail_fast': 'False', 'profiles_dir': 'C:\\Users\\henri\\.dbt', 'log_path': 'logs', 'debug': 'False', 'version_check': 'True', 'use_colors': 'True', 'use_experimental_parser': 'False', 'no_print': 'None', 'quiet': 'False', 'empty': 'None', 'warn_error_options': 'WarnErrorOptions(include=[], exclude=[])', 'static_parser': 'True', 'invocation_command': 'dbt docs serve', 'log_format': 'default', 'target_path': 'None', 'introspect': 'True', 'send_anonymous_usage_stats': 'True'}
[0m15:43:36.316660 [error] [MainThread]: Encountered an error:
Runtime Error
  No dbt_project.yml found at expected path C:\Users\henri\OneDrive\Área de Trabalho\Nova pasta\CriptoMoedas\dbt_project.yml
  Verify that each entry within packages.yml (and their transitive dependencies) contains a file named dbt_project.yml
  
[0m15:43:36.316660 [debug] [MainThread]: Command `dbt docs serve` failed at 15:43:36.316660 after 0.08 seconds
[0m15:43:36.316660 [debug] [MainThread]: Sending event: {'category': 'dbt', 'action': 'invocation', 'label': 'end', 'context': [<snowplow_tracker.self_describing_json.SelfDescribingJson object at 0x000001E5A93E2750>, <snowplow_tracker.self_describing_json.SelfDescribingJson object at 0x000001E5A93E1650>, <snowplow_tracker.self_describing_json.SelfDescribingJson object at 0x000001E5A9397250>]}
[0m15:43:36.326748 [debug] [MainThread]: Flushing usage events
[0m15:43:36.896750 [debug] [MainThread]: An error was encountered while trying to flush usage events
[0m15:45:54.559178 [debug] [MainThread]: Sending event: {'category': 'dbt', 'action': 'invocation', 'label': 'start', 'context': [<snowplow_tracker.self_describing_json.SelfDescribingJson object at 0x000001E908BE2010>, <snowplow_tracker.self_describing_json.SelfDescribingJson object at 0x000001E908D37250>, <snowplow_tracker.self_describing_json.SelfDescribingJson object at 0x000001E908D35110>]}


============================== 15:45:54.562789 | 9ee1a96b-9b71-41a9-9674-d93b9096db8b ==============================
[0m15:45:54.562789 [info ] [MainThread]: Running with dbt=1.9.3
[0m15:45:54.563791 [debug] [MainThread]: running dbt with arguments {'printer_width': '80', 'indirect_selection': 'eager', 'write_json': 'True', 'log_cache_events': 'False', 'partial_parse': 'True', 'cache_selected_only': 'False', 'profiles_dir': 'C:\\Users\\henri\\.dbt', 'debug': 'False', 'version_check': 'True', 'log_path': 'logs', 'fail_fast': 'False', 'warn_error': 'None', 'use_colors': 'True', 'use_experimental_parser': 'False', 'empty': 'None', 'quiet': 'False', 'no_print': 'None', 'log_format': 'default', 'introspect': 'True', 'warn_error_options': 'WarnErrorOptions(include=[], exclude=[])', 'static_parser': 'True', 'target_path': 'None', 'invocation_command': 'dbt debug', 'send_anonymous_usage_stats': 'True'}
[0m15:45:54.582033 [info ] [MainThread]: dbt version: 1.9.3
[0m15:45:54.582033 [info ] [MainThread]: python version: 3.11.9
[0m15:45:54.584004 [info ] [MainThread]: python path: C:\Users\henri\AppData\Local\Microsoft\WindowsApps\PythonSoftwareFoundation.Python.3.11_qbz5n2kfra8p0\python.exe
[0m15:45:54.584004 [info ] [MainThread]: os info: Windows-10-10.0.26100-SP0
[0m15:45:54.638806 [info ] [MainThread]: Using profiles dir at C:\Users\henri\.dbt
[0m15:45:54.639808 [info ] [MainThread]: Using profiles.yml file at C:\Users\henri\.dbt\profiles.yml
[0m15:45:54.640808 [info ] [MainThread]: Using dbt_project.yml file at C:\Users\henri\OneDrive\Área de Trabalho\Nova pasta\CriptoMoedas\dbt_project.yml
[0m15:45:54.641813 [info ] [MainThread]: adapter type: postgres
[0m15:45:54.642813 [info ] [MainThread]: adapter version: 1.9.0
[0m15:45:54.643948 [info ] [MainThread]: Configuration:
[0m15:45:54.643948 [info ] [MainThread]:   profiles.yml file [[32mOK found and valid[0m]
[0m15:45:54.644952 [info ] [MainThread]:   dbt_project.yml file [[31mERROR not found[0m]
[0m15:45:54.645950 [info ] [MainThread]: Required dependencies:
[0m15:45:54.646994 [debug] [MainThread]: Executing "git --help"
[0m15:45:54.677184 [debug] [MainThread]: STDOUT: "b"usage: git [-v | --version] [-h | --help] [-C <path>] [-c <name>=<value>]\n           [--exec-path[=<path>]] [--html-path] [--man-path] [--info-path]\n           [-p | --paginate | -P | --no-pager] [--no-replace-objects] [--no-lazy-fetch]\n           [--no-optional-locks] [--no-advice] [--bare] [--git-dir=<path>]\n           [--work-tree=<path>] [--namespace=<name>] [--config-env=<name>=<envvar>]\n           <command> [<args>]\n\nThese are common Git commands used in various situations:\n\nstart a working area (see also: git help tutorial)\n   clone      Clone a repository into a new directory\n   init       Create an empty Git repository or reinitialize an existing one\n\nwork on the current change (see also: git help everyday)\n   add        Add file contents to the index\n   mv         Move or rename a file, a directory, or a symlink\n   restore    Restore working tree files\n   rm         Remove files from the working tree and from the index\n\nexamine the history and state (see also: git help revisions)\n   bisect     Use binary search to find the commit that introduced a bug\n   diff       Show changes between commits, commit and working tree, etc\n   grep       Print lines matching a pattern\n   log        Show commit logs\n   show       Show various types of objects\n   status     Show the working tree status\n\ngrow, mark and tweak your common history\n   backfill   Download missing objects in a partial clone\n   branch     List, create, or delete branches\n   commit     Record changes to the repository\n   merge      Join two or more development histories together\n   rebase     Reapply commits on top of another base tip\n   reset      Reset current HEAD to the specified state\n   switch     Switch branches\n   tag        Create, list, delete or verify a tag object signed with GPG\n\ncollaborate (see also: git help workflows)\n   fetch      Download objects and refs from another repository\n   pull       Fetch from and integrate with another repository or a local branch\n   push       Update remote refs along with associated objects\n\n'git help -a' and 'git help -g' list available subcommands and some\nconcept guides. See 'git help <command>' or 'git help <concept>'\nto read about a specific subcommand or concept.\nSee 'git help git' for an overview of the system.\n""
[0m15:45:54.678221 [debug] [MainThread]: STDERR: "b''"
[0m15:45:54.678221 [info ] [MainThread]:  - git [[32mOK found[0m]

[0m15:45:54.679190 [info ] [MainThread]: Connection:
[0m15:45:54.680194 [info ] [MainThread]:   host: postgres
[0m15:45:54.681192 [info ] [MainThread]:   port: 1
[0m15:45:54.682101 [info ] [MainThread]:   user: postgres
[0m15:45:54.683415 [info ] [MainThread]:   database: criptmoedas
[0m15:45:54.683880 [info ] [MainThread]:   schema: basic
[0m15:45:54.684887 [info ] [MainThread]:   connect_timeout: 10
[0m15:45:54.684887 [info ] [MainThread]:   role: None
[0m15:45:54.686348 [info ] [MainThread]:   search_path: None
[0m15:45:54.687357 [info ] [MainThread]:   keepalives_idle: 0
[0m15:45:54.688356 [info ] [MainThread]:   sslmode: None
[0m15:45:54.688356 [info ] [MainThread]:   sslcert: None
[0m15:45:54.689358 [info ] [MainThread]:   sslkey: None
[0m15:45:54.690355 [info ] [MainThread]:   sslrootcert: None
[0m15:45:54.690355 [info ] [MainThread]:   application_name: dbt
[0m15:45:54.691363 [info ] [MainThread]:   retries: 1
[0m15:45:54.692356 [info ] [MainThread]: Registered adapter: postgres=1.9.0
[0m15:45:55.013054 [debug] [MainThread]: Acquiring new postgres connection 'debug'
[0m15:45:55.089703 [debug] [MainThread]: Using postgres connection "debug"
[0m15:45:55.090704 [debug] [MainThread]: On debug: select 1 as id
[0m15:45:55.090704 [debug] [MainThread]: Opening a new connection, currently in state init
[0m15:45:57.793946 [debug] [MainThread]: Postgres adapter: Error running SQL: select 1 as id
[0m15:45:57.794590 [debug] [MainThread]: Postgres adapter: Rolling back transaction.
[0m15:45:57.795600 [debug] [MainThread]: On debug: No close available on handle
[0m15:45:57.796732 [info ] [MainThread]:   Connection test: [[31mERROR[0m]

[0m15:45:57.797730 [info ] [MainThread]: [31m2 checks failed:[0m
[0m15:45:57.798731 [info ] [MainThread]: Project loading failed for the following reason:
 project path <C:\Users\henri\OneDrive\Área de Trabalho\Nova pasta\CriptoMoedas\dbt_project.yml> not found

[0m15:45:57.799734 [info ] [MainThread]: dbt was unable to connect to the specified database.
The database returned the following error:

  >Database Error
  'utf-8' codec can't decode byte 0xe3 in position 64: invalid continuation byte

Check your database credentials and try again. For more information, visit:
https://docs.getdbt.com/docs/configure-your-profile


[0m15:45:57.800730 [debug] [MainThread]: Command `dbt debug` failed at 15:45:57.800730 after 3.31 seconds
[0m15:45:57.801733 [debug] [MainThread]: Connection 'debug' was properly closed.
[0m15:45:57.802730 [debug] [MainThread]: Sending event: {'category': 'dbt', 'action': 'invocation', 'label': 'end', 'context': [<snowplow_tracker.self_describing_json.SelfDescribingJson object at 0x000001E908CE5710>, <snowplow_tracker.self_describing_json.SelfDescribingJson object at 0x000001E908CE6890>, <snowplow_tracker.self_describing_json.SelfDescribingJson object at 0x000001E903ED6410>]}
[0m15:45:57.802730 [debug] [MainThread]: Flushing usage events
[0m15:45:58.376910 [debug] [MainThread]: An error was encountered while trying to flush usage events
[0m15:48:46.676912 [debug] [MainThread]: Sending event: {'category': 'dbt', 'action': 'invocation', 'label': 'start', 'context': [<snowplow_tracker.self_describing_json.SelfDescribingJson object at 0x0000012B4CCE8810>, <snowplow_tracker.self_describing_json.SelfDescribingJson object at 0x0000012B4CCE7250>, <snowplow_tracker.self_describing_json.SelfDescribingJson object at 0x0000012B4CA1D5D0>]}


============================== 15:48:46.680912 | 90a8ac96-46f6-425c-bd16-37f5de14b9ab ==============================
[0m15:48:46.680912 [info ] [MainThread]: Running with dbt=1.9.3
[0m15:48:46.681910 [debug] [MainThread]: running dbt with arguments {'printer_width': '80', 'indirect_selection': 'eager', 'write_json': 'True', 'log_cache_events': 'False', 'partial_parse': 'True', 'cache_selected_only': 'False', 'profiles_dir': 'C:\\Users\\henri\\.dbt', 'debug': 'False', 'version_check': 'True', 'log_path': 'C:\\Users\\henri\\OneDrive\\Área de Trabalho\\Nova pasta\\CriptoMoedas\\logs', 'fail_fast': 'False', 'warn_error': 'None', 'use_colors': 'True', 'use_experimental_parser': 'False', 'no_print': 'None', 'quiet': 'False', 'empty': 'None', 'log_format': 'default', 'introspect': 'True', 'static_parser': 'True', 'warn_error_options': 'WarnErrorOptions(include=[], exclude=[])', 'target_path': 'None', 'invocation_command': 'dbt debug', 'send_anonymous_usage_stats': 'True'}
[0m15:48:46.697594 [info ] [MainThread]: dbt version: 1.9.3
[0m15:48:46.698592 [info ] [MainThread]: python version: 3.11.9
[0m15:48:46.699595 [info ] [MainThread]: python path: C:\Users\henri\AppData\Local\Microsoft\WindowsApps\PythonSoftwareFoundation.Python.3.11_qbz5n2kfra8p0\python.exe
[0m15:48:46.699595 [info ] [MainThread]: os info: Windows-10-10.0.26100-SP0
[0m15:48:46.704596 [info ] [MainThread]: Using profiles dir at C:\Users\henri\.dbt
[0m15:48:46.704596 [info ] [MainThread]: Using profiles.yml file at C:\Users\henri\.dbt\profiles.yml
[0m15:48:46.705593 [info ] [MainThread]: Using dbt_project.yml file at C:\Users\henri\OneDrive\Área de Trabalho\Nova pasta\CriptoMoedas\dbt_project.yml
[0m15:48:46.799264 [info ] [MainThread]: Configuration:
[0m15:48:46.799264 [info ] [MainThread]:   profiles.yml file [[31mERROR invalid[0m]
[0m15:48:46.800264 [info ] [MainThread]:   dbt_project.yml file [[32mOK found and valid[0m]
[0m15:48:46.801264 [info ] [MainThread]: Required dependencies:
[0m15:48:46.802268 [debug] [MainThread]: Executing "git --help"
[0m15:48:46.833281 [debug] [MainThread]: STDOUT: "b"usage: git [-v | --version] [-h | --help] [-C <path>] [-c <name>=<value>]\n           [--exec-path[=<path>]] [--html-path] [--man-path] [--info-path]\n           [-p | --paginate | -P | --no-pager] [--no-replace-objects] [--no-lazy-fetch]\n           [--no-optional-locks] [--no-advice] [--bare] [--git-dir=<path>]\n           [--work-tree=<path>] [--namespace=<name>] [--config-env=<name>=<envvar>]\n           <command> [<args>]\n\nThese are common Git commands used in various situations:\n\nstart a working area (see also: git help tutorial)\n   clone      Clone a repository into a new directory\n   init       Create an empty Git repository or reinitialize an existing one\n\nwork on the current change (see also: git help everyday)\n   add        Add file contents to the index\n   mv         Move or rename a file, a directory, or a symlink\n   restore    Restore working tree files\n   rm         Remove files from the working tree and from the index\n\nexamine the history and state (see also: git help revisions)\n   bisect     Use binary search to find the commit that introduced a bug\n   diff       Show changes between commits, commit and working tree, etc\n   grep       Print lines matching a pattern\n   log        Show commit logs\n   show       Show various types of objects\n   status     Show the working tree status\n\ngrow, mark and tweak your common history\n   backfill   Download missing objects in a partial clone\n   branch     List, create, or delete branches\n   commit     Record changes to the repository\n   merge      Join two or more development histories together\n   rebase     Reapply commits on top of another base tip\n   reset      Reset current HEAD to the specified state\n   switch     Switch branches\n   tag        Create, list, delete or verify a tag object signed with GPG\n\ncollaborate (see also: git help workflows)\n   fetch      Download objects and refs from another repository\n   pull       Fetch from and integrate with another repository or a local branch\n   push       Update remote refs along with associated objects\n\n'git help -a' and 'git help -g' list available subcommands and some\nconcept guides. See 'git help <command>' or 'git help <concept>'\nto read about a specific subcommand or concept.\nSee 'git help git' for an overview of the system.\n""
[0m15:48:46.834281 [debug] [MainThread]: STDERR: "b''"
[0m15:48:46.834281 [info ] [MainThread]:  - git [[32mOK found[0m]

[0m15:48:46.835790 [info ] [MainThread]: Connection test skipped since no profile was found
[0m15:48:46.835790 [info ] [MainThread]: [31m1 check failed:[0m
[0m15:48:46.836798 [info ] [MainThread]: Profile loading failed for the following reason:
Runtime Error
  Could not find profile named 'criptomoedas_profile'


[0m15:48:46.838798 [debug] [MainThread]: Command `dbt debug` failed at 15:48:46.837798 after 0.23 seconds
[0m15:48:46.838798 [debug] [MainThread]: Sending event: {'category': 'dbt', 'action': 'invocation', 'label': 'end', 'context': [<snowplow_tracker.self_describing_json.SelfDescribingJson object at 0x0000012B47ED6510>, <snowplow_tracker.self_describing_json.SelfDescribingJson object at 0x0000012B47ED57D0>, <snowplow_tracker.self_describing_json.SelfDescribingJson object at 0x0000012B4CE15FD0>]}
[0m15:48:46.839798 [debug] [MainThread]: Flushing usage events
[0m15:48:47.450909 [debug] [MainThread]: An error was encountered while trying to flush usage events
[0m15:49:28.891867 [debug] [MainThread]: Sending event: {'category': 'dbt', 'action': 'invocation', 'label': 'start', 'context': [<snowplow_tracker.self_describing_json.SelfDescribingJson object at 0x00000268DC796E50>, <snowplow_tracker.self_describing_json.SelfDescribingJson object at 0x00000268DC692A90>, <snowplow_tracker.self_describing_json.SelfDescribingJson object at 0x00000268DC4CD6D0>]}


============================== 15:49:28.895740 | 4bc334ce-d500-48b6-94b0-150b6e3c3f9a ==============================
[0m15:49:28.895740 [info ] [MainThread]: Running with dbt=1.9.3
[0m15:49:28.895740 [debug] [MainThread]: running dbt with arguments {'printer_width': '80', 'indirect_selection': 'eager', 'log_cache_events': 'False', 'write_json': 'True', 'partial_parse': 'True', 'cache_selected_only': 'False', 'profiles_dir': 'C:\\Users\\henri\\OneDrive\\Área de Trabalho\\Nova pasta\\CriptoMoedas', 'debug': 'False', 'version_check': 'True', 'log_path': 'C:\\Users\\henri\\OneDrive\\Área de Trabalho\\Nova pasta\\CriptoMoedas\\logs', 'fail_fast': 'False', 'warn_error': 'None', 'use_colors': 'True', 'use_experimental_parser': 'False', 'empty': 'None', 'quiet': 'False', 'no_print': 'None', 'warn_error_options': 'WarnErrorOptions(include=[], exclude=[])', 'introspect': 'True', 'log_format': 'default', 'invocation_command': 'dbt debug', 'target_path': 'None', 'static_parser': 'True', 'send_anonymous_usage_stats': 'True'}
[0m15:49:28.915701 [info ] [MainThread]: dbt version: 1.9.3
[0m15:49:28.915701 [info ] [MainThread]: python version: 3.11.9
[0m15:49:28.915701 [info ] [MainThread]: python path: C:\Users\henri\AppData\Local\Microsoft\WindowsApps\PythonSoftwareFoundation.Python.3.11_qbz5n2kfra8p0\python.exe
[0m15:49:28.919764 [info ] [MainThread]: os info: Windows-10-10.0.26100-SP0
[0m15:49:28.976008 [info ] [MainThread]: Using profiles dir at C:\Users\henri\OneDrive\Área de Trabalho\Nova pasta\CriptoMoedas
[0m15:49:28.977585 [info ] [MainThread]: Using profiles.yml file at C:\Users\henri\OneDrive\Área de Trabalho\Nova pasta\CriptoMoedas\profiles.yml
[0m15:49:28.978622 [info ] [MainThread]: Using dbt_project.yml file at C:\Users\henri\OneDrive\Área de Trabalho\Nova pasta\CriptoMoedas\dbt_project.yml
[0m15:49:28.979592 [info ] [MainThread]: adapter type: postgres
[0m15:49:28.980590 [info ] [MainThread]: adapter version: 1.9.0
[0m15:49:29.072783 [info ] [MainThread]: Configuration:
[0m15:49:29.073349 [info ] [MainThread]:   profiles.yml file [[32mOK found and valid[0m]
[0m15:49:29.074357 [info ] [MainThread]:   dbt_project.yml file [[32mOK found and valid[0m]
[0m15:49:29.074357 [info ] [MainThread]: Required dependencies:
[0m15:49:29.075867 [debug] [MainThread]: Executing "git --help"
[0m15:49:29.107206 [debug] [MainThread]: STDOUT: "b"usage: git [-v | --version] [-h | --help] [-C <path>] [-c <name>=<value>]\n           [--exec-path[=<path>]] [--html-path] [--man-path] [--info-path]\n           [-p | --paginate | -P | --no-pager] [--no-replace-objects] [--no-lazy-fetch]\n           [--no-optional-locks] [--no-advice] [--bare] [--git-dir=<path>]\n           [--work-tree=<path>] [--namespace=<name>] [--config-env=<name>=<envvar>]\n           <command> [<args>]\n\nThese are common Git commands used in various situations:\n\nstart a working area (see also: git help tutorial)\n   clone      Clone a repository into a new directory\n   init       Create an empty Git repository or reinitialize an existing one\n\nwork on the current change (see also: git help everyday)\n   add        Add file contents to the index\n   mv         Move or rename a file, a directory, or a symlink\n   restore    Restore working tree files\n   rm         Remove files from the working tree and from the index\n\nexamine the history and state (see also: git help revisions)\n   bisect     Use binary search to find the commit that introduced a bug\n   diff       Show changes between commits, commit and working tree, etc\n   grep       Print lines matching a pattern\n   log        Show commit logs\n   show       Show various types of objects\n   status     Show the working tree status\n\ngrow, mark and tweak your common history\n   backfill   Download missing objects in a partial clone\n   branch     List, create, or delete branches\n   commit     Record changes to the repository\n   merge      Join two or more development histories together\n   rebase     Reapply commits on top of another base tip\n   reset      Reset current HEAD to the specified state\n   switch     Switch branches\n   tag        Create, list, delete or verify a tag object signed with GPG\n\ncollaborate (see also: git help workflows)\n   fetch      Download objects and refs from another repository\n   pull       Fetch from and integrate with another repository or a local branch\n   push       Update remote refs along with associated objects\n\n'git help -a' and 'git help -g' list available subcommands and some\nconcept guides. See 'git help <command>' or 'git help <concept>'\nto read about a specific subcommand or concept.\nSee 'git help git' for an overview of the system.\n""
[0m15:49:29.108213 [debug] [MainThread]: STDERR: "b''"
[0m15:49:29.108213 [info ] [MainThread]:  - git [[32mOK found[0m]

[0m15:49:29.108213 [info ] [MainThread]: Connection:
[0m15:49:29.108213 [info ] [MainThread]:   host: localhost
[0m15:49:29.108213 [info ] [MainThread]:   port: 5432
[0m15:49:29.108213 [info ] [MainThread]:   user: postgres
[0m15:49:29.108213 [info ] [MainThread]:   database: criptomoedas
[0m15:49:29.108213 [info ] [MainThread]:   schema: public
[0m15:49:29.108213 [info ] [MainThread]:   connect_timeout: 10
[0m15:49:29.114148 [info ] [MainThread]:   role: None
[0m15:49:29.115017 [info ] [MainThread]:   search_path: None
[0m15:49:29.115590 [info ] [MainThread]:   keepalives_idle: 0
[0m15:49:29.116598 [info ] [MainThread]:   sslmode: None
[0m15:49:29.117601 [info ] [MainThread]:   sslcert: None
[0m15:49:29.118599 [info ] [MainThread]:   sslkey: None
[0m15:49:29.118599 [info ] [MainThread]:   sslrootcert: None
[0m15:49:29.119602 [info ] [MainThread]:   application_name: dbt
[0m15:49:29.120599 [info ] [MainThread]:   retries: 1
[0m15:49:29.121600 [info ] [MainThread]: Registered adapter: postgres=1.9.0
[0m15:49:29.435603 [debug] [MainThread]: Acquiring new postgres connection 'debug'
[0m15:49:29.511010 [debug] [MainThread]: Using postgres connection "debug"
[0m15:49:29.511010 [debug] [MainThread]: On debug: select 1 as id
[0m15:49:29.511010 [debug] [MainThread]: Opening a new connection, currently in state init
[0m15:49:29.525593 [debug] [MainThread]: Postgres adapter: Got a retryable error when attempting to open a postgres connection.
1 attempts remaining. Retrying in 0 seconds.
Error:
connection to server at "localhost" (::1), port 5432 failed: FATAL:  database "criptomoedas" does not exist

[0m15:49:29.545605 [debug] [MainThread]: Postgres adapter: Error running SQL: select 1 as id
[0m15:49:29.545605 [debug] [MainThread]: Postgres adapter: Rolling back transaction.
[0m15:49:29.545605 [debug] [MainThread]: On debug: No close available on handle
[0m15:49:29.545605 [info ] [MainThread]:   Connection test: [[31mERROR[0m]

[0m15:49:29.545605 [info ] [MainThread]: [31m1 check failed:[0m
[0m15:49:29.545605 [info ] [MainThread]: dbt was unable to connect to the specified database.
The database returned the following error:

  >Database Error
  connection to server at "localhost" (::1), port 5432 failed: FATAL:  database "criptomoedas" does not exist
  

Check your database credentials and try again. For more information, visit:
https://docs.getdbt.com/docs/configure-your-profile


[0m15:49:29.552188 [debug] [MainThread]: Command `dbt debug` failed at 15:49:29.552188 after 0.73 seconds
[0m15:49:29.552188 [debug] [MainThread]: Connection 'debug' was properly closed.
[0m15:49:29.553745 [debug] [MainThread]: Sending event: {'category': 'dbt', 'action': 'invocation', 'label': 'end', 'context': [<snowplow_tracker.self_describing_json.SelfDescribingJson object at 0x00000268D6966410>, <snowplow_tracker.self_describing_json.SelfDescribingJson object at 0x00000268DCA0AC90>, <snowplow_tracker.self_describing_json.SelfDescribingJson object at 0x00000268DC795790>]}
[0m15:49:29.554372 [debug] [MainThread]: Flushing usage events
[0m15:49:30.150363 [debug] [MainThread]: An error was encountered while trying to flush usage events
[0m15:50:15.535069 [debug] [MainThread]: Sending event: {'category': 'dbt', 'action': 'invocation', 'label': 'start', 'context': [<snowplow_tracker.self_describing_json.SelfDescribingJson object at 0x000001D09C4E8F90>, <snowplow_tracker.self_describing_json.SelfDescribingJson object at 0x000001D09C4EA910>, <snowplow_tracker.self_describing_json.SelfDescribingJson object at 0x000001D09C4C8150>]}


============================== 15:50:15.544980 | 1121a9f2-dfc7-45ac-a152-cfb6ec54f35c ==============================
[0m15:50:15.544980 [info ] [MainThread]: Running with dbt=1.9.3
[0m15:50:15.547315 [debug] [MainThread]: running dbt with arguments {'printer_width': '80', 'indirect_selection': 'eager', 'write_json': 'True', 'log_cache_events': 'False', 'partial_parse': 'True', 'cache_selected_only': 'False', 'warn_error': 'None', 'debug': 'False', 'fail_fast': 'False', 'log_path': 'C:\\Users\\henri\\OneDrive\\Área de Trabalho\\Nova pasta\\CriptoMoedas\\logs', 'version_check': 'True', 'profiles_dir': 'C:\\Users\\henri\\OneDrive\\Área de Trabalho\\Nova pasta\\CriptoMoedas', 'use_colors': 'True', 'use_experimental_parser': 'False', 'empty': 'None', 'quiet': 'False', 'no_print': 'None', 'log_format': 'default', 'introspect': 'True', 'invocation_command': 'dbt debug', 'static_parser': 'True', 'target_path': 'None', 'warn_error_options': 'WarnErrorOptions(include=[], exclude=[])', 'send_anonymous_usage_stats': 'True'}
[0m15:50:15.563377 [info ] [MainThread]: dbt version: 1.9.3
[0m15:50:15.564591 [info ] [MainThread]: python version: 3.11.9
[0m15:50:15.565557 [info ] [MainThread]: python path: C:\Users\henri\AppData\Local\Microsoft\WindowsApps\PythonSoftwareFoundation.Python.3.11_qbz5n2kfra8p0\python.exe
[0m15:50:15.566600 [info ] [MainThread]: os info: Windows-10-10.0.26100-SP0
[0m15:50:15.624050 [info ] [MainThread]: Using profiles dir at C:\Users\henri\OneDrive\Área de Trabalho\Nova pasta\CriptoMoedas
[0m15:50:15.625021 [info ] [MainThread]: Using profiles.yml file at C:\Users\henri\OneDrive\Área de Trabalho\Nova pasta\CriptoMoedas\profiles.yml
[0m15:50:15.625970 [info ] [MainThread]: Using dbt_project.yml file at C:\Users\henri\OneDrive\Área de Trabalho\Nova pasta\CriptoMoedas\dbt_project.yml
[0m15:50:15.627077 [info ] [MainThread]: adapter type: postgres
[0m15:50:15.628075 [info ] [MainThread]: adapter version: 1.9.0
[0m15:50:15.712801 [info ] [MainThread]: Configuration:
[0m15:50:15.712801 [info ] [MainThread]:   profiles.yml file [[32mOK found and valid[0m]
[0m15:50:15.712801 [info ] [MainThread]:   dbt_project.yml file [[32mOK found and valid[0m]
[0m15:50:15.712801 [info ] [MainThread]: Required dependencies:
[0m15:50:15.712801 [debug] [MainThread]: Executing "git --help"
[0m15:50:15.752652 [debug] [MainThread]: STDOUT: "b"usage: git [-v | --version] [-h | --help] [-C <path>] [-c <name>=<value>]\n           [--exec-path[=<path>]] [--html-path] [--man-path] [--info-path]\n           [-p | --paginate | -P | --no-pager] [--no-replace-objects] [--no-lazy-fetch]\n           [--no-optional-locks] [--no-advice] [--bare] [--git-dir=<path>]\n           [--work-tree=<path>] [--namespace=<name>] [--config-env=<name>=<envvar>]\n           <command> [<args>]\n\nThese are common Git commands used in various situations:\n\nstart a working area (see also: git help tutorial)\n   clone      Clone a repository into a new directory\n   init       Create an empty Git repository or reinitialize an existing one\n\nwork on the current change (see also: git help everyday)\n   add        Add file contents to the index\n   mv         Move or rename a file, a directory, or a symlink\n   restore    Restore working tree files\n   rm         Remove files from the working tree and from the index\n\nexamine the history and state (see also: git help revisions)\n   bisect     Use binary search to find the commit that introduced a bug\n   diff       Show changes between commits, commit and working tree, etc\n   grep       Print lines matching a pattern\n   log        Show commit logs\n   show       Show various types of objects\n   status     Show the working tree status\n\ngrow, mark and tweak your common history\n   backfill   Download missing objects in a partial clone\n   branch     List, create, or delete branches\n   commit     Record changes to the repository\n   merge      Join two or more development histories together\n   rebase     Reapply commits on top of another base tip\n   reset      Reset current HEAD to the specified state\n   switch     Switch branches\n   tag        Create, list, delete or verify a tag object signed with GPG\n\ncollaborate (see also: git help workflows)\n   fetch      Download objects and refs from another repository\n   pull       Fetch from and integrate with another repository or a local branch\n   push       Update remote refs along with associated objects\n\n'git help -a' and 'git help -g' list available subcommands and some\nconcept guides. See 'git help <command>' or 'git help <concept>'\nto read about a specific subcommand or concept.\nSee 'git help git' for an overview of the system.\n""
[0m15:50:15.752652 [debug] [MainThread]: STDERR: "b''"
[0m15:50:15.752652 [info ] [MainThread]:  - git [[32mOK found[0m]

[0m15:50:15.752652 [info ] [MainThread]: Connection:
[0m15:50:15.752652 [info ] [MainThread]:   host: localhost
[0m15:50:15.752652 [info ] [MainThread]:   port: 5432
[0m15:50:15.752652 [info ] [MainThread]:   user: postgres
[0m15:50:15.757745 [info ] [MainThread]:   database: criptmoedas
[0m15:50:15.758755 [info ] [MainThread]:   schema: public
[0m15:50:15.758755 [info ] [MainThread]:   connect_timeout: 10
[0m15:50:15.759757 [info ] [MainThread]:   role: None
[0m15:50:15.760755 [info ] [MainThread]:   search_path: None
[0m15:50:15.761434 [info ] [MainThread]:   keepalives_idle: 0
[0m15:50:15.761434 [info ] [MainThread]:   sslmode: None
[0m15:50:15.762477 [info ] [MainThread]:   sslcert: None
[0m15:50:15.763489 [info ] [MainThread]:   sslkey: None
[0m15:50:15.763489 [info ] [MainThread]:   sslrootcert: None
[0m15:50:15.764485 [info ] [MainThread]:   application_name: dbt
[0m15:50:15.765488 [info ] [MainThread]:   retries: 1
[0m15:50:15.766564 [info ] [MainThread]: Registered adapter: postgres=1.9.0
[0m15:50:16.082464 [debug] [MainThread]: Acquiring new postgres connection 'debug'
[0m15:50:16.158586 [debug] [MainThread]: Using postgres connection "debug"
[0m15:50:16.160593 [debug] [MainThread]: On debug: select 1 as id
[0m15:50:16.160593 [debug] [MainThread]: Opening a new connection, currently in state init
[0m15:50:16.172576 [debug] [MainThread]: SQL status: SELECT 1 in 0.020 seconds
[0m15:50:16.182674 [debug] [MainThread]: On debug: Close
[0m15:50:16.182674 [info ] [MainThread]:   Connection test: [[32mOK connection ok[0m]

[0m15:50:16.182674 [info ] [MainThread]: [32mAll checks passed![0m
[0m15:50:16.185403 [debug] [MainThread]: Command `dbt debug` succeeded at 15:50:16.185403 after 0.72 seconds
[0m15:50:16.185403 [debug] [MainThread]: Connection 'debug' was properly closed.
[0m15:50:16.185403 [debug] [MainThread]: Sending event: {'category': 'dbt', 'action': 'invocation', 'label': 'end', 'context': [<snowplow_tracker.self_describing_json.SelfDescribingJson object at 0x000001D09C670290>, <snowplow_tracker.self_describing_json.SelfDescribingJson object at 0x000001D09C70A810>, <snowplow_tracker.self_describing_json.SelfDescribingJson object at 0x000001D0967326D0>]}
[0m15:50:16.185403 [debug] [MainThread]: Flushing usage events
[0m15:50:16.792961 [debug] [MainThread]: An error was encountered while trying to flush usage events
